<?xml version="1.0" encoding="UTF-8"?>
<!-- Generated by org.testng.reporters.JUnitReportReporter -->
<testsuite hostname="DESKTOP-G55Q34C" failures="0" tests="3" name="testcases.Test" time="80.777" errors="0" timestamp="2021-07-11T21:58:09 IST" skipped="0">
  <testcase classname="testcases.Test" name="buyGiftCard" time="27.331"/>
  <testcase classname="testcases.Test" name="bookHotel" time="10.851"/>
  <testcase classname="testcases.Test" name="bookOutStationCab" time="42.595"/>
</testsuite> <!-- testcases.Test -->
