<?xml version="1.0" encoding="UTF-8"?>
<!-- Generated by org.testng.reporters.JUnitReportReporter -->
<testsuite hostname="DESKTOP-G55Q34C" failures="0" tests="3" name="testcases.Test" time="31.849" errors="0" timestamp="2021-07-10T12:00:53 IST" skipped="0">
  <testcase classname="testcases.Test" name="bookHotel" time="5.935"/>
  <testcase classname="testcases.Test" name="bookOutStationCab" time="10.625"/>
  <testcase classname="testcases.Test" name="buyGiftCard" time="15.289"/>
</testsuite> <!-- testcases.Test -->
