<?xml version="1.0" encoding="UTF-8"?>
<!-- Generated by org.testng.reporters.JUnitReportReporter -->
<testsuite hostname="DESKTOP-G55Q34C" failures="0" tests="3" name="testcases.Test" time="34.181" errors="0" timestamp="2021-07-10T16:21:36 IST" skipped="0">
  <testcase classname="testcases.Test" name="bookOutStationCab" time="10.448"/>
  <testcase classname="testcases.Test" name="buyGiftCard" time="13.415"/>
  <testcase classname="testcases.Test" name="bookHotel" time="10.318"/>
</testsuite> <!-- testcases.Test -->
