<?xml version="1.0" encoding="UTF-8"?>
<!-- Generated by org.testng.reporters.JUnitReportReporter -->
<testsuite hostname="DESKTOP-G55Q34C" failures="0" tests="3" name="testcases.Test" time="84.162" errors="0" timestamp="2021-07-11T20:46:33 IST" skipped="0">
  <testcase classname="testcases.Test" name="bookOutStationCab" time="39.763"/>
  <testcase classname="testcases.Test" name="bookHotel" time="19.403"/>
  <testcase classname="testcases.Test" name="buyGiftCard" time="24.996"/>
</testsuite> <!-- testcases.Test -->
