<?xml version="1.0" encoding="UTF-8"?>
<!-- Generated by org.testng.reporters.JUnitReportReporter -->
<testsuite hostname="DESKTOP-G55Q34C" failures="0" tests="3" name="testcases.Test" time="85.385" errors="0" timestamp="2021-07-11T21:34:12 IST" skipped="0">
  <testcase classname="testcases.Test" name="bookOutStationCab" time="39.759"/>
  <testcase classname="testcases.Test" name="bookHotel" time="18.997"/>
  <testcase classname="testcases.Test" name="buyGiftCard" time="26.629"/>
</testsuite> <!-- testcases.Test -->
